<?xml version="1.0" encoding="UTF-8"?>
<!-- Generated by org.testng.reporters.JUnitReportReporter -->
<testsuite hostname="GAURAV" failures="0" tests="2" name="testNG.test1" time="0.010" errors="0" timestamp="2023-04-01T13:59:49 IST" skipped="0">
  <testcase classname="testNG.test1" name="test" time="0.009"/>
  <system-out/>
  <testcase classname="testNG.test1" name="test2" time="0.001"/>
  <system-out/>
</testsuite> <!-- testNG.test1 -->
